<?xml version="1.0" encoding="UTF-8"?>
<!-- Generated by org.testng.reporters.JUnitReportReporter -->
<testsuite hostname="LAPTOP-793DUQJR" failures="0" tests="2" name="jqueryui.TestNG1" time="16.146" errors="0" timestamp="2023-02-08T10:05:28 WIB" skipped="0">
  <testcase classname="jqueryui.TestNG1" name="oke" time="7.430"/>
  <system-out/>
  <testcase classname="jqueryui.TestNG1" name="oke2" time="8.716"/>
  <system-out/>
</testsuite> <!-- jqueryui.TestNG1 -->
